<?xml version="1.0" encoding="utf-8"?><testsuites name="pytest tests"><testsuite name="pytest" errors="0" failures="0" skipped="0" tests="18" time="6.926" timestamp="2026-07-28T17:10:57.456315+00:00" hostname="agent-env-fcc7d190-3be1-4463-8943-872b365d3343"><testcase classname="tests.backend_test.TestEntries" name="test_get_entries_public" time="0.691" /><testcase classname="tests.backend_test.TestAuth" name="test_login_success" time="0.698" /><testcase classname="tests.backend_test.TestEntries" name="test_create_entry_requires_auth" time="0.243" /><testcase classname="tests.backend_test.TestAuth" name="test_login_wrong_password" time="0.692" /><testcase classname="tests.backend_test.TestEntries" name="test_create_entry_with_auth" time="1.511" /><testcase classname="tests.backend_test.TestAuth" name="test_me_with_token" time="0.976" /><testcase classname="tests.backend_test.TestAuth" name="test_me_without_token" time="0.208" /><testcase classname="tests.backend_test.TestEntries" name="test_filter_by_practicum_and_week" time="0.533" /><testcase classname="tests.backend_test.TestContent" name="test_get_content_public" time="0.187" /><testcase classname="tests.backend_test.TestContent" name="test_put_content_requires_auth" time="0.279" /><testcase classname="tests.backend_test.TestEntries" name="test_update_entry" time="0.323" /><testcase classname="tests.backend_test.TestContent" name="test_put_content_with_auth_and_persist" time="0.766" /><testcase classname="tests.backend_test.TestEntries" name="test_update_without_auth" time="0.144" /><testcase classname="tests.backend_test.TestEntries" name="test_delete_without_auth" time="0.224" /><testcase classname="tests.backend_test.TestStats" name="test_stats_reflects_entries" time="0.522" /><testcase classname="tests.backend_test.TestHealth" name="test_root_api" time="0.175" /><testcase classname="tests.backend_test.TestSeededAdmin" name="test_admin_bcrypt_hash_and_verify" time="0.866" /><testcase classname="tests.backend_test.TestZCleanup" name="test_delete_all_test_entries" time="1.139" /></testsuite></testsuites>