<?xml version="1.0" encoding="utf-8"?><testsuites name="pytest tests"><testsuite name="pytest" errors="0" failures="0" skipped="0" tests="16" time="7.482" timestamp="2026-07-28T16:02:00.450217+00:00" hostname="agent-env-fcc7d190-3be1-4463-8943-872b365d3343"><testcase classname="tests.backend_test.TestEntries" name="test_get_entries_public" time="0.667" /><testcase classname="tests.backend_test.TestAuth" name="test_login_success" time="0.657" /><testcase classname="tests.backend_test.TestEntries" name="test_create_entry_requires_auth" time="0.244" /><testcase classname="tests.backend_test.TestAuth" name="test_login_wrong_password" time="0.733" /><testcase classname="tests.backend_test.TestEntries" name="test_create_entry_with_auth" time="1.665" /><testcase classname="tests.backend_test.TestAuth" name="test_me_with_token" time="1.090" /><testcase classname="tests.backend_test.TestAuth" name="test_me_without_token" time="0.271" /><testcase classname="tests.backend_test.TestEntries" name="test_filter_by_practicum_and_week" time="0.638" /><testcase classname="tests.backend_test.TestContent" name="test_get_content_public" time="0.175" /><testcase classname="tests.backend_test.TestContent" name="test_put_content_requires_auth" time="0.216" /><testcase classname="tests.backend_test.TestContent" name="test_put_content_with_auth_and_persist" time="0.720" /><testcase classname="tests.backend_test.TestEntries" name="test_update_entry" time="0.396" /><testcase classname="tests.backend_test.TestEntries" name="test_update_without_auth" time="0.186" /><testcase classname="tests.backend_test.TestEntries" name="test_delete_without_auth" time="0.182" /><testcase classname="tests.backend_test.TestStats" name="test_stats_reflects_entries" time="0.536" /><testcase classname="tests.backend_test.TestZCleanup" name="test_delete_all_test_entries" time="0.874" /></testsuite></testsuites>